  game.cpp
  GLM: rotate function taking degrees as a parameter is deprecated. #define GLM_FORCE_RADIANS before including GLM headers to remove this message.
  GLM: rotate_slow function taking degrees as a parameter is deprecated. #define GLM_FORCE_RADIANS before including GLM headers to remove this message.
  GLM: perspective function taking degrees as a parameter is deprecated. #define GLM_FORCE_RADIANS before including GLM headers to remove this message.
  GLM: perspectiveFov function taking degrees as a parameter is deprecated. #define GLM_FORCE_RADIANS before including GLM headers to remove this message.
  GLM: infinitePerspective function taking degrees as a parameter is deprecated. #define GLM_FORCE_RADIANS before including GLM headers to remove this message.
  GLM: tweakedInfinitePerspective function taking degrees as a parameter is deprecated. #define GLM_FORCE_RADIANS before including GLM headers to remove this message.
  GLM: rotate function taking degrees as a parameter is deprecated. #define GLM_FORCE_RADIANS before including GLM headers to remove this message.
  GLM: roll function returning degrees is deprecated. #define GLM_FORCE_RADIANS before including GLM headers to remove this message.
  GLM: pitch function returning degrees is deprecated. #define GLM_FORCE_RADIANS before including GLM headers to remove this message.
  GLM: yaw function returning degrees is deprecated. #define GLM_FORCE_RADIANS before including GLM headers to remove this message.
  GLM: angle function returning degrees is deprecated. #define GLM_FORCE_RADIANS before including GLM headers to remove this message.
  GLM: angleAxis function taking degrees as a parameter is deprecated. #define GLM_FORCE_RADIANS before including GLM headers to remove this message.
LINK : warning LNK4098: библиотека по умолчанию "MSVCRT" конфликтует с использованием других библиотек; используйте /NODEFAULTLIB:library
LINK : warning LNK4098: библиотека по умолчанию "LIBCMT" конфликтует с использованием других библиотек; используйте /NODEFAULTLIB:library
glew32s.lib(glew.obj) : warning LNK4099: "vc120.pdb" PDB не найден с "glew32s.lib(glew.obj)" или на "C:\Users\ratatoskr\Documents\GitHub\merchant-1200-ad\merchant-1200-ad\Debug\vc120.pdb"; компоновка объекта выполняется как при отсутствии отладочных данных
SOIL.lib(image_DXT.obj) : warning LNK4099: "SOIL.pdb" PDB не найден с "SOIL.lib(image_DXT.obj)" или на "C:\Users\ratatoskr\Documents\GitHub\merchant-1200-ad\merchant-1200-ad\Debug\SOIL.pdb"; компоновка объекта выполняется как при отсутствии отладочных данных
SOIL.lib(image_helper.obj) : warning LNK4099: "" PDB не найден с "SOIL.lib(image_helper.obj)" или на ""; компоновка объекта выполняется как при отсутствии отладочных данных
SOIL.lib(SOIL.obj) : warning LNK4099: "SOIL.pdb" PDB не найден с "SOIL.lib(SOIL.obj)" или на "C:\Users\ratatoskr\Documents\GitHub\merchant-1200-ad\merchant-1200-ad\Debug\SOIL.pdb"; компоновка объекта выполняется как при отсутствии отладочных данных
SOIL.lib(stb_image_aug.obj) : warning LNK4099: "" PDB не найден с "SOIL.lib(stb_image_aug.obj)" или на ""; компоновка объекта выполняется как при отсутствии отладочных данных
  merchant-1200-ad.vcxproj -> C:\Users\ratatoskr\Documents\GitHub\merchant-1200-ad\merchant-1200-ad\Debug\merchant-1200-ad.exe
